<?xml version="1.0" encoding="UTF-8"?>
<!-- Generated by org.testng.reporters.JUnitReportReporter -->
<testsuite skipped="0" hostname="IEVD070" name="test.city.WeatherConditionsForCity" tests="1" failures="0" timestamp="26 Jul 2017 16:18:38 GMT" time="2.119" errors="0">
  <testcase name="getWeatherForCity" time="2.119" classname="test.city.WeatherConditionsForCity"/>
</testsuite> <!-- test.city.WeatherConditionsForCity -->
