<?xml version="1.0" encoding="UTF-8"?>
<!-- Generated by org.testng.reporters.JUnitReportReporter -->
<testsuite skipped="0" hostname="IEVD070" name="test.gps.WeatherConditionsByCoordinates" tests="2" failures="0" timestamp="26 Jul 2017 16:18:38 GMT" time="1.153" errors="0">
  <testcase name="getWeatherAtSpecifiedCoordinatesOneObservation" time="0.574" classname="test.gps.WeatherConditionsByCoordinates"/>
  <testcase name="getWeatherAtSpecifiedCoordinatesMultipleObservations" time="0.579" classname="test.gps.WeatherConditionsByCoordinates"/>
</testsuite> <!-- test.gps.WeatherConditionsByCoordinates -->
